2020-06-23 14:16:22.547 [restartedMain] WARN  o.s.b.a.o.j.JpaBaseConfiguration$JpaWebConfiguration - spring.jpa.open-in-view is enabled by default. Therefore, database queries may be performed during view rendering. Explicitly configure spring.jpa.open-in-view to disable this warning
2020-06-23 14:16:22.941 [task-1] WARN  com.zaxxer.hikari.HikariConfig - HikariPool-1 - idleTimeout is close to or more than maxLifetime, disabling it.
2020-06-23 14:43:55.502 [task-1] WARN  com.zaxxer.hikari.HikariConfig - HikariPool-2 - idleTimeout is close to or more than maxLifetime, disabling it.
2020-06-23 14:43:55.514 [restartedMain] WARN  o.s.b.a.o.j.JpaBaseConfiguration$JpaWebConfiguration - spring.jpa.open-in-view is enabled by default. Therefore, database queries may be performed during view rendering. Explicitly configure spring.jpa.open-in-view to disable this warning
2020-06-23 14:54:55.297 [task-1] WARN  com.zaxxer.hikari.HikariConfig - HikariPool-3 - idleTimeout is close to or more than maxLifetime, disabling it.
2020-06-23 14:54:55.308 [restartedMain] WARN  o.s.b.a.o.j.JpaBaseConfiguration$JpaWebConfiguration - spring.jpa.open-in-view is enabled by default. Therefore, database queries may be performed during view rendering. Explicitly configure spring.jpa.open-in-view to disable this warning
2020-06-23 14:55:35.753 [task-1] WARN  com.zaxxer.hikari.HikariConfig - HikariPool-4 - idleTimeout is close to or more than maxLifetime, disabling it.
2020-06-23 14:55:35.759 [restartedMain] WARN  o.s.b.a.o.j.JpaBaseConfiguration$JpaWebConfiguration - spring.jpa.open-in-view is enabled by default. Therefore, database queries may be performed during view rendering. Explicitly configure spring.jpa.open-in-view to disable this warning
2020-06-23 14:56:45.493 [task-1] WARN  com.zaxxer.hikari.HikariConfig - HikariPool-5 - idleTimeout is close to or more than maxLifetime, disabling it.
2020-06-23 14:56:45.506 [restartedMain] WARN  o.s.b.a.o.j.JpaBaseConfiguration$JpaWebConfiguration - spring.jpa.open-in-view is enabled by default. Therefore, database queries may be performed during view rendering. Explicitly configure spring.jpa.open-in-view to disable this warning
2020-06-23 14:57:07.455 [task-1] WARN  com.zaxxer.hikari.HikariConfig - HikariPool-6 - idleTimeout is close to or more than maxLifetime, disabling it.
2020-06-23 14:57:07.461 [restartedMain] WARN  o.s.b.a.o.j.JpaBaseConfiguration$JpaWebConfiguration - spring.jpa.open-in-view is enabled by default. Therefore, database queries may be performed during view rendering. Explicitly configure spring.jpa.open-in-view to disable this warning
2020-06-23 15:00:17.849 [task-1] WARN  com.zaxxer.hikari.HikariConfig - HikariPool-7 - idleTimeout is close to or more than maxLifetime, disabling it.
2020-06-23 15:00:17.855 [restartedMain] WARN  o.s.b.a.o.j.JpaBaseConfiguration$JpaWebConfiguration - spring.jpa.open-in-view is enabled by default. Therefore, database queries may be performed during view rendering. Explicitly configure spring.jpa.open-in-view to disable this warning
2020-06-23 15:00:21.270 [restartedMain] WARN  o.s.b.w.s.c.AnnotationConfigServletWebServerApplicationContext - Exception encountered during context initialization - cancelling refresh attempt: org.springframework.beans.factory.UnsatisfiedDependencyException: Error creating bean with name 'userController': Unsatisfied dependency expressed through field 'userService'; nested exception is org.springframework.beans.factory.UnsatisfiedDependencyException: Error creating bean with name 'userServiceImpl': Unsatisfied dependency expressed through field 'userMapper'; nested exception is org.springframework.beans.factory.NoSuchBeanDefinitionException: No qualifying bean of type 'com.hsbc.scott.module.user.mapper.UserMapper' available: expected at least 1 bean which qualifies as autowire candidate. Dependency annotations: {@org.springframework.beans.factory.annotation.Autowired(required=true)}
2020-06-23 15:00:21.273 [task-1] WARN  com.zaxxer.hikari.HikariConfig - HikariPool-8 - idleTimeout is close to or more than maxLifetime, disabling it.
2020-06-23 15:00:26.360 [restartedMain] WARN  o.s.b.a.o.j.JpaBaseConfiguration$JpaWebConfiguration - spring.jpa.open-in-view is enabled by default. Therefore, database queries may be performed during view rendering. Explicitly configure spring.jpa.open-in-view to disable this warning
2020-06-23 15:00:26.467 [task-1] WARN  com.zaxxer.hikari.HikariConfig - HikariPool-1 - idleTimeout is close to or more than maxLifetime, disabling it.
2020-06-23 15:00:28.186 [task-2] WARN  o.s.b.d.autoconfigure.OptionalLiveReloadServer - Unable to start LiveReload server
2020-06-23 15:34:12.730 [task-1] WARN  com.zaxxer.hikari.HikariConfig - HikariPool-9 - idleTimeout is close to or more than maxLifetime, disabling it.
2020-06-23 15:34:12.737 [restartedMain] WARN  o.s.b.a.o.j.JpaBaseConfiguration$JpaWebConfiguration - spring.jpa.open-in-view is enabled by default. Therefore, database queries may be performed during view rendering. Explicitly configure spring.jpa.open-in-view to disable this warning
2020-06-23 15:34:33.047 [main] WARN  com.zaxxer.hikari.HikariConfig - HikariPool-1 - idleTimeout is close to or more than maxLifetime, disabling it.
2020-06-23 15:39:48.580 [task-1] WARN  com.zaxxer.hikari.HikariConfig - HikariPool-10 - idleTimeout is close to or more than maxLifetime, disabling it.
2020-06-23 15:39:48.586 [restartedMain] WARN  o.s.b.a.o.j.JpaBaseConfiguration$JpaWebConfiguration - spring.jpa.open-in-view is enabled by default. Therefore, database queries may be performed during view rendering. Explicitly configure spring.jpa.open-in-view to disable this warning
2020-06-23 15:40:00.365 [main] WARN  com.zaxxer.hikari.HikariConfig - HikariPool-1 - idleTimeout is close to or more than maxLifetime, disabling it.
2020-06-23 15:48:01.449 [restartedMain] WARN  com.zaxxer.hikari.HikariConfig - HikariPool-1 - idleTimeout is close to or more than maxLifetime, disabling it.
2020-06-23 15:48:04.260 [restartedMain] WARN  o.s.b.d.autoconfigure.OptionalLiveReloadServer - Unable to start LiveReload server
2020-06-23 15:48:04.307 [restartedMain] WARN  o.s.b.w.s.c.AnnotationConfigServletWebServerApplicationContext - Exception encountered during context initialization - cancelling refresh attempt: org.springframework.context.ApplicationContextException: Failed to start bean 'webServerStartStop'; nested exception is org.springframework.boot.web.server.PortInUseException: Port 7100 is already in use
2020-06-23 15:48:34.775 [restartedMain] WARN  com.zaxxer.hikari.HikariConfig - HikariPool-1 - idleTimeout is close to or more than maxLifetime, disabling it.
2020-06-23 16:00:04.726 [restartedMain] WARN  o.s.b.w.s.c.AnnotationConfigServletWebServerApplicationContext - Exception encountered during context initialization - cancelling refresh attempt: org.springframework.beans.factory.UnsatisfiedDependencyException: Error creating bean with name 'dataSourceInitializerPostProcessor': Unsatisfied dependency expressed through field 'beanFactory'; nested exception is org.springframework.beans.factory.UnsatisfiedDependencyException: Error creating bean with name 'userMapper' defined in file [/Users/wangxuefeng/workspace/activity/target/classes/com/hsbc/activity/module/mapper/UserMapper.class]: Unsatisfied dependency expressed through constructor parameter 0: Could not convert argument value of type [java.lang.String] to required type [java.lang.Class]: Failed to convert value of type 'java.lang.String' to required type 'java.lang.Class'; nested exception is java.lang.IllegalArgumentException: Could not find class [com.hsbc.scott.module.user.mapper.UserMapper]
2020-06-23 16:00:07.692 [restartedMain] WARN  com.zaxxer.hikari.HikariConfig - HikariPool-2 - idleTimeout is close to or more than maxLifetime, disabling it.
2020-06-23 16:00:10.884 [main] WARN  com.zaxxer.hikari.HikariConfig - HikariPool-1 - idleTimeout is close to or more than maxLifetime, disabling it.
2020-06-23 16:00:37.256 [restartedMain] WARN  org.mybatis.spring.mapper.ClassPathMapperScanner - No MyBatis mapper was found in '[com.hsbc.scott.module.user.mapper]' package. Please check your configuration.
2020-06-23 16:00:37.280 [restartedMain] WARN  org.mybatis.spring.mapper.ClassPathMapperScanner - No MyBatis mapper was found in '[com.hsbc.scott]' package. Please check your configuration.
2020-06-23 16:00:37.492 [restartedMain] WARN  com.zaxxer.hikari.HikariConfig - HikariPool-3 - idleTimeout is close to or more than maxLifetime, disabling it.
2020-06-23 16:00:43.710 [main] WARN  com.zaxxer.hikari.HikariConfig - HikariPool-1 - idleTimeout is close to or more than maxLifetime, disabling it.
2020-06-23 16:02:11.282 [main] WARN  com.zaxxer.hikari.HikariConfig - HikariPool-1 - idleTimeout is close to or more than maxLifetime, disabling it.
2020-06-23 16:02:52.539 [main] WARN  com.zaxxer.hikari.HikariConfig - HikariPool-1 - idleTimeout is close to or more than maxLifetime, disabling it.
2020-06-23 16:03:09.938 [main] WARN  com.zaxxer.hikari.HikariConfig - HikariPool-1 - idleTimeout is close to or more than maxLifetime, disabling it.
